2022-09-14 09:38:18.227 +03:00 [FTL] The command 'groups' specifies more than one vector argument.
Spectre.Console.Cli.CommandConfigurationException: The command 'groups' specifies more than one vector argument.
   at Spectre.Console.Cli.CommandConfigurationException.TooManyVectorArguments(CommandInfo command) in /_/src/Spectre.Console.Cli/CommandConfigurationException.cs:line 48
   at Spectre.Console.Cli.CommandModelValidator.Validate(CommandInfo command) in /_/src/Spectre.Console.Cli/Internal/Modelling/CommandModelValidator.cs:line 77
   at Spectre.Console.Cli.CommandModelValidator.Validate(CommandModel model, CommandAppSettings settings) in /_/src/Spectre.Console.Cli/Internal/Modelling/CommandModelValidator.cs:line 37
   at Spectre.Console.Cli.CommandModelBuilder.Build(IConfiguration configuration) in /_/src/Spectre.Console.Cli/Internal/Modelling/CommandModelBuilder.cs:line 40
   at Spectre.Console.Cli.CommandExecutor.Execute(IConfiguration configuration, IEnumerable`1 args) in /_/src/Spectre.Console.Cli/Internal/CommandExecutor.cs:line 24
   at Spectre.Console.Cli.CommandApp.RunAsync(IEnumerable`1 args) in /_/src/Spectre.Console.Cli/CommandApp.cs:line 81
2022-09-14 09:38:28.354 +03:00 [FTL] The command 'groups' specifies more than one vector argument.
Spectre.Console.Cli.CommandConfigurationException: The command 'groups' specifies more than one vector argument.
   at Spectre.Console.Cli.CommandConfigurationException.TooManyVectorArguments(CommandInfo command) in /_/src/Spectre.Console.Cli/CommandConfigurationException.cs:line 48
   at Spectre.Console.Cli.CommandModelValidator.Validate(CommandInfo command) in /_/src/Spectre.Console.Cli/Internal/Modelling/CommandModelValidator.cs:line 77
   at Spectre.Console.Cli.CommandModelValidator.Validate(CommandModel model, CommandAppSettings settings) in /_/src/Spectre.Console.Cli/Internal/Modelling/CommandModelValidator.cs:line 37
   at Spectre.Console.Cli.CommandModelBuilder.Build(IConfiguration configuration) in /_/src/Spectre.Console.Cli/Internal/Modelling/CommandModelBuilder.cs:line 40
   at Spectre.Console.Cli.CommandExecutor.Execute(IConfiguration configuration, IEnumerable`1 args) in /_/src/Spectre.Console.Cli/Internal/CommandExecutor.cs:line 24
   at Spectre.Console.Cli.CommandApp.RunAsync(IEnumerable`1 args) in /_/src/Spectre.Console.Cli/CommandApp.cs:line 81
2022-09-14 09:38:31.737 +03:00 [FTL] The command 'groups' specifies more than one vector argument.
Spectre.Console.Cli.CommandConfigurationException: The command 'groups' specifies more than one vector argument.
   at Spectre.Console.Cli.CommandConfigurationException.TooManyVectorArguments(CommandInfo command) in /_/src/Spectre.Console.Cli/CommandConfigurationException.cs:line 48
   at Spectre.Console.Cli.CommandModelValidator.Validate(CommandInfo command) in /_/src/Spectre.Console.Cli/Internal/Modelling/CommandModelValidator.cs:line 77
   at Spectre.Console.Cli.CommandModelValidator.Validate(CommandModel model, CommandAppSettings settings) in /_/src/Spectre.Console.Cli/Internal/Modelling/CommandModelValidator.cs:line 37
   at Spectre.Console.Cli.CommandModelBuilder.Build(IConfiguration configuration) in /_/src/Spectre.Console.Cli/Internal/Modelling/CommandModelBuilder.cs:line 40
   at Spectre.Console.Cli.CommandExecutor.Execute(IConfiguration configuration, IEnumerable`1 args) in /_/src/Spectre.Console.Cli/Internal/CommandExecutor.cs:line 24
   at Spectre.Console.Cli.CommandApp.RunAsync(IEnumerable`1 args) in /_/src/Spectre.Console.Cli/CommandApp.cs:line 81
2022-09-14 09:38:44.284 +03:00 [FTL] The command 'groups' specifies more than one vector argument.
Spectre.Console.Cli.CommandConfigurationException: The command 'groups' specifies more than one vector argument.
   at Spectre.Console.Cli.CommandConfigurationException.TooManyVectorArguments(CommandInfo command) in /_/src/Spectre.Console.Cli/CommandConfigurationException.cs:line 48
   at Spectre.Console.Cli.CommandModelValidator.Validate(CommandInfo command) in /_/src/Spectre.Console.Cli/Internal/Modelling/CommandModelValidator.cs:line 77
   at Spectre.Console.Cli.CommandModelValidator.Validate(CommandModel model, CommandAppSettings settings) in /_/src/Spectre.Console.Cli/Internal/Modelling/CommandModelValidator.cs:line 37
   at Spectre.Console.Cli.CommandModelBuilder.Build(IConfiguration configuration) in /_/src/Spectre.Console.Cli/Internal/Modelling/CommandModelBuilder.cs:line 40
   at Spectre.Console.Cli.CommandExecutor.Execute(IConfiguration configuration, IEnumerable`1 args) in /_/src/Spectre.Console.Cli/Internal/CommandExecutor.cs:line 24
   at Spectre.Console.Cli.CommandApp.RunAsync(IEnumerable`1 args) in /_/src/Spectre.Console.Cli/CommandApp.cs:line 81
2022-09-14 09:38:48.296 +03:00 [FTL] The command 'groups' specifies more than one vector argument.
Spectre.Console.Cli.CommandConfigurationException: The command 'groups' specifies more than one vector argument.
   at Spectre.Console.Cli.CommandConfigurationException.TooManyVectorArguments(CommandInfo command) in /_/src/Spectre.Console.Cli/CommandConfigurationException.cs:line 48
   at Spectre.Console.Cli.CommandModelValidator.Validate(CommandInfo command) in /_/src/Spectre.Console.Cli/Internal/Modelling/CommandModelValidator.cs:line 77
   at Spectre.Console.Cli.CommandModelValidator.Validate(CommandModel model, CommandAppSettings settings) in /_/src/Spectre.Console.Cli/Internal/Modelling/CommandModelValidator.cs:line 37
   at Spectre.Console.Cli.CommandModelBuilder.Build(IConfiguration configuration) in /_/src/Spectre.Console.Cli/Internal/Modelling/CommandModelBuilder.cs:line 40
   at Spectre.Console.Cli.CommandExecutor.Execute(IConfiguration configuration, IEnumerable`1 args) in /_/src/Spectre.Console.Cli/Internal/CommandExecutor.cs:line 24
   at Spectre.Console.Cli.CommandApp.RunAsync(IEnumerable`1 args) in /_/src/Spectre.Console.Cli/CommandApp.cs:line 81
2022-09-14 09:39:26.011 +03:00 [FTL] The command 'groups' specifies more than one vector argument.
Spectre.Console.Cli.CommandConfigurationException: The command 'groups' specifies more than one vector argument.
   at Spectre.Console.Cli.CommandConfigurationException.TooManyVectorArguments(CommandInfo command) in /_/src/Spectre.Console.Cli/CommandConfigurationException.cs:line 48
   at Spectre.Console.Cli.CommandModelValidator.Validate(CommandInfo command) in /_/src/Spectre.Console.Cli/Internal/Modelling/CommandModelValidator.cs:line 77
   at Spectre.Console.Cli.CommandModelValidator.Validate(CommandModel model, CommandAppSettings settings) in /_/src/Spectre.Console.Cli/Internal/Modelling/CommandModelValidator.cs:line 37
   at Spectre.Console.Cli.CommandModelBuilder.Build(IConfiguration configuration) in /_/src/Spectre.Console.Cli/Internal/Modelling/CommandModelBuilder.cs:line 40
   at Spectre.Console.Cli.CommandExecutor.Execute(IConfiguration configuration, IEnumerable`1 args) in /_/src/Spectre.Console.Cli/Internal/CommandExecutor.cs:line 24
   at Spectre.Console.Cli.CommandApp.RunAsync(IEnumerable`1 args) in /_/src/Spectre.Console.Cli/CommandApp.cs:line 81
2022-09-14 09:41:00.207 +03:00 [FTL] Value cannot be null. (Parameter 'settings.UserIds')
System.ArgumentNullException: Value cannot be null. (Parameter 'settings.UserIds')
   at Ardalis.GuardClauses.GuardClauseExtensions.Null[T](IGuardClause guardClause, T input, String parameterName, String message)
   at TiVkParser.Commands.GroupsCommand.Execute(CommandContext context, Settings settings) in C:\Users\Timick\RiderProjects\TiVkParser\TiVkParser\Commands\GroupsCommand.cs:line 33
   at Spectre.Console.Cli.Command`1.Spectre.Console.Cli.ICommand.Execute(CommandContext context, CommandSettings settings) in /_/src/Spectre.Console.Cli/CommandOfT.cs:line 40
   at Spectre.Console.Cli.CommandExecutor.Execute(CommandTree leaf, CommandTree tree, CommandContext context, ITypeResolver resolver, IConfiguration configuration) in /_/src/Spectre.Console.Cli/Internal/CommandExecutor.cs:line 109
   at Spectre.Console.Cli.CommandExecutor.Execute(IConfiguration configuration, IEnumerable`1 args) in /_/src/Spectre.Console.Cli/Internal/CommandExecutor.cs:line 78
   at Spectre.Console.Cli.CommandApp.RunAsync(IEnumerable`1 args) in /_/src/Spectre.Console.Cli/CommandApp.cs:line 81
2022-09-14 10:44:52.627 +03:00 [FTL] Value cannot be null. (Parameter 'settings.UserIds')
System.ArgumentNullException: Value cannot be null. (Parameter 'settings.UserIds')
   at Ardalis.GuardClauses.GuardClauseExtensions.Null[T](IGuardClause guardClause, T input, String parameterName, String message)
   at TiVkParser.Commands.GroupsCommand.Execute(CommandContext context, Settings settings) in C:\Users\Timick\RiderProjects\TiVkParser\TiVkParser\Commands\GroupsCommand.cs:line 36
   at Spectre.Console.Cli.Command`1.Spectre.Console.Cli.ICommand.Execute(CommandContext context, CommandSettings settings) in /_/src/Spectre.Console.Cli/CommandOfT.cs:line 40
   at Spectre.Console.Cli.CommandExecutor.Execute(CommandTree leaf, CommandTree tree, CommandContext context, ITypeResolver resolver, IConfiguration configuration) in /_/src/Spectre.Console.Cli/Internal/CommandExecutor.cs:line 109
   at Spectre.Console.Cli.CommandExecutor.Execute(IConfiguration configuration, IEnumerable`1 args) in /_/src/Spectre.Console.Cli/Internal/CommandExecutor.cs:line 78
   at Spectre.Console.Cli.CommandApp.RunAsync(IEnumerable`1 args) in /_/src/Spectre.Console.Cli/CommandApp.cs:line 81
2022-09-14 10:45:06.583 +03:00 [FTL] Value cannot be null. (Parameter 'settings.AccessToken')
System.ArgumentNullException: Value cannot be null. (Parameter 'settings.AccessToken')
   at Ardalis.GuardClauses.GuardClauseExtensions.Null[T](IGuardClause guardClause, T input, String parameterName, String message)
   at TiVkParser.Commands.GroupsCommand.Execute(CommandContext context, Settings settings) in C:\Users\Timick\RiderProjects\TiVkParser\TiVkParser\Commands\GroupsCommand.cs:line 37
   at Spectre.Console.Cli.Command`1.Spectre.Console.Cli.ICommand.Execute(CommandContext context, CommandSettings settings) in /_/src/Spectre.Console.Cli/CommandOfT.cs:line 40
   at Spectre.Console.Cli.CommandExecutor.Execute(CommandTree leaf, CommandTree tree, CommandContext context, ITypeResolver resolver, IConfiguration configuration) in /_/src/Spectre.Console.Cli/Internal/CommandExecutor.cs:line 109
   at Spectre.Console.Cli.CommandExecutor.Execute(IConfiguration configuration, IEnumerable`1 args) in /_/src/Spectre.Console.Cli/Internal/CommandExecutor.cs:line 78
   at Spectre.Console.Cli.CommandApp.RunAsync(IEnumerable`1 args) in /_/src/Spectre.Console.Cli/CommandApp.cs:line 81
2022-09-14 10:45:17.137 +03:00 [FTL] Option 'token' is defined but no value has been provided.
Spectre.Console.Cli.CommandParseException: Option 'token' is defined but no value has been provided.
   at Spectre.Console.Cli.CommandTreeParser.ParseOptionValue(CommandTreeParserContext context, CommandTreeTokenStream stream, CommandTreeToken token, CommandTree current, CommandParameter parameter) in /_/src/Spectre.Console.Cli/Internal/Parsing/CommandTreeParser.cs:line 369
   at Spectre.Console.Cli.CommandTreeParser.ParseOption(CommandTreeParserContext context, CommandTreeTokenStream stream, CommandTreeToken token, CommandTree node, Boolean isLongOption) in /_/src/Spectre.Console.Cli/Internal/Parsing/CommandTreeParser.cs:line 258
   at Spectre.Console.Cli.CommandTreeParser.ParseCommandParameters(CommandTreeParserContext context, CommandInfo command, CommandTree parent, CommandTreeTokenStream stream) in /_/src/Spectre.Console.Cli/Internal/Parsing/CommandTreeParser.cs:line 149
   at Spectre.Console.Cli.CommandTreeParser.ParseCommand(CommandTreeParserContext context, ICommandContainer current, CommandTree parent, CommandTreeTokenStream stream) in /_/src/Spectre.Console.Cli/Internal/Parsing/CommandTreeParser.cs:line 119
   at Spectre.Console.Cli.CommandTreeParser.Parse(IEnumerable`1 args) in /_/src/Spectre.Console.Cli/Internal/Parsing/CommandTreeParser.cs:line 85
   at Spectre.Console.Cli.CommandExecutor.Execute(IConfiguration configuration, IEnumerable`1 args) in /_/src/Spectre.Console.Cli/Internal/CommandExecutor.cs:line 49
   at Spectre.Console.Cli.CommandApp.RunAsync(IEnumerable`1 args) in /_/src/Spectre.Console.Cli/CommandApp.cs:line 81
2022-09-14 10:45:28.878 +03:00 [FTL] Invalid Address format ะก1
System.ArgumentException: Invalid Address format ะก1
   at OfficeOpenXml.ExcelCellBase.ThrowAddressException(String address, Int32& row, Int32& col, Boolean throwException)
   at OfficeOpenXml.ExcelCellBase.GetRowCol(String address, Int32& row, Int32& col, Boolean throwException, Boolean& fixedRow, Boolean& fixedCol)
   at OfficeOpenXml.ExcelCellBase.GetRowColFromAddress(String CellAddress, Int32& row, Int32& col, Boolean& fixedRow, Boolean& fixedCol)
   at OfficeOpenXml.ExcelCellBase.GetRowColFromAddress(String CellAddress, Int32& FromRow, Int32& FromColumn, Int32& ToRow, Int32& ToColumn, Boolean& fixedFromRow, Boolean& fixedFromColumn, Boolean& fixedToRow, Boolean& fixedToColumn, ExcelWorkbook wb, String wsName)
   at OfficeOpenXml.ExcelAddressBase.SetAddress(String address, ExcelWorkbook wb, String wsName)
   at OfficeOpenXml.ExcelRange.get_Item(String Address)
   at TiVkParser.Services.OutputService.ToExcel(String fileName, List`1 data) in C:\Users\Timick\RiderProjects\TiVkParser\TiVkParser\Services\OutputService.cs:line 17
   at TiVkParser.Commands.GroupsCommand.Execute(CommandContext context, Settings settings) in C:\Users\Timick\RiderProjects\TiVkParser\TiVkParser\Commands\GroupsCommand.cs:line 41
   at Spectre.Console.Cli.Command`1.Spectre.Console.Cli.ICommand.Execute(CommandContext context, CommandSettings settings) in /_/src/Spectre.Console.Cli/CommandOfT.cs:line 40
   at Spectre.Console.Cli.CommandExecutor.Execute(CommandTree leaf, CommandTree tree, CommandContext context, ITypeResolver resolver, IConfiguration configuration) in /_/src/Spectre.Console.Cli/Internal/CommandExecutor.cs:line 109
   at Spectre.Console.Cli.CommandExecutor.Execute(IConfiguration configuration, IEnumerable`1 args) in /_/src/Spectre.Console.Cli/Internal/CommandExecutor.cs:line 78
   at Spectre.Console.Cli.CommandApp.RunAsync(IEnumerable`1 args) in /_/src/Spectre.Console.Cli/CommandApp.cs:line 81
2022-09-14 11:11:19.217 +03:00 [FTL] Unknown command 'group'.
Spectre.Console.Cli.CommandParseException: Unknown command 'group'.
   at Spectre.Console.Cli.CommandTreeParser.ParseCommand(CommandTreeParserContext context, ICommandContainer current, CommandTree parent, CommandTreeTokenStream stream) in /_/src/Spectre.Console.Cli/Internal/Parsing/CommandTreeParser.cs:line 116
   at Spectre.Console.Cli.CommandTreeParser.Parse(IEnumerable`1 args) in /_/src/Spectre.Console.Cli/Internal/Parsing/CommandTreeParser.cs:line 85
   at Spectre.Console.Cli.CommandExecutor.Execute(IConfiguration configuration, IEnumerable`1 args) in /_/src/Spectre.Console.Cli/Internal/CommandExecutor.cs:line 49
   at Spectre.Console.Cli.CommandApp.RunAsync(IEnumerable`1 args) in /_/src/Spectre.Console.Cli/CommandApp.cs:line 81
2022-09-14 11:11:31.551 +03:00 [FTL] Index and length must refer to a location within the string. (Parameter 'length')
System.ArgumentOutOfRangeException: Index and length must refer to a location within the string. (Parameter 'length')
   at System.String.Substring(Int32 startIndex, Int32 length)
   at TiVkParser.Commands.GroupsCommand.Execute(CommandContext context, Settings settings) in C:\Users\Timick\RiderProjects\TiVkParser\TiVkParser\Commands\GroupsCommand.cs:line 58
   at Spectre.Console.Cli.Command`1.Spectre.Console.Cli.ICommand.Execute(CommandContext context, CommandSettings settings) in /_/src/Spectre.Console.Cli/CommandOfT.cs:line 40
   at Spectre.Console.Cli.CommandExecutor.Execute(CommandTree leaf, CommandTree tree, CommandContext context, ITypeResolver resolver, IConfiguration configuration) in /_/src/Spectre.Console.Cli/Internal/CommandExecutor.cs:line 109
   at Spectre.Console.Cli.CommandExecutor.Execute(IConfiguration configuration, IEnumerable`1 args) in /_/src/Spectre.Console.Cli/Internal/CommandExecutor.cs:line 78
   at Spectre.Console.Cli.CommandApp.RunAsync(IEnumerable`1 args) in /_/src/Spectre.Console.Cli/CommandApp.cs:line 81
2022-09-14 11:14:41.906 +03:00 [FTL] Too many requests per second
VkNet.Exception.TooManyRequestsException: Too many requests per second
   at VkNet.Utils.VkErrors.IfErrorThrowException(String json)
   at VkNet.VkApi.Invoke(String methodName, IDictionary`2 parameters, Boolean skipAuthorization)
   at VkNet.VkApi.CallBase(String methodName, VkParameters parameters, Boolean skipAuthorization)
   at VkNet.VkApi.Call[T](String methodName, VkParameters parameters, Boolean skipAuthorization, JsonConverter[] jsonConverters)
   at VkNet.Categories.WallCategory.GetComments(WallGetCommentsParams params, Boolean skipAuthorization)
   at TiVkParser.Services.VkServiceLib.FetchCommentsFromPost(Int64 groupId, Nullable`1 postId) in C:\Users\Timick\RiderProjects\TiVkParser\TiVkParser\Services\VkServiceLib.cs:line 78
   at TiVkParser.Commands.GroupsCommand.Execute(CommandContext context, Settings settings) in C:\Users\Timick\RiderProjects\TiVkParser\TiVkParser\Commands\GroupsCommand.cs:line 63
   at Spectre.Console.Cli.Command`1.Spectre.Console.Cli.ICommand.Execute(CommandContext context, CommandSettings settings) in /_/src/Spectre.Console.Cli/CommandOfT.cs:line 40
   at Spectre.Console.Cli.CommandExecutor.Execute(CommandTree leaf, CommandTree tree, CommandContext context, ITypeResolver resolver, IConfiguration configuration) in /_/src/Spectre.Console.Cli/Internal/CommandExecutor.cs:line 109
   at Spectre.Console.Cli.CommandExecutor.Execute(IConfiguration configuration, IEnumerable`1 args) in /_/src/Spectre.Console.Cli/Internal/CommandExecutor.cs:line 78
   at Spectre.Console.Cli.CommandApp.RunAsync(IEnumerable`1 args) in /_/src/Spectre.Console.Cli/CommandApp.cs:line 81
